#
# There is insufficient memory for the Java Runtime Environment to continue.
# Native memory allocation (malloc) failed to allocate 32744 bytes for ChunkPool::allocate
# Possible reasons:
#   The system is out of physical RAM or swap space
#   The process is running with CompressedOops enabled, and the Java Heap may be blocking the growth of the native heap
# Possible solutions:
#   Reduce memory load on the system
#   Increase physical memory or swap space
#   Check if swap backing store is full
#   Decrease Java heap size (-Xmx/-Xms)
#   Decrease number of Java threads
#   Decrease Java thread stack sizes (-Xss)
#   Set larger code cache with -XX:ReservedCodeCacheSize=
#   JVM is running with Unscaled Compressed Oops mode in which the Java heap is
#     placed in the first 4GB address space. The Java Heap base address is the
#     maximum limit for the native heap growth. Please use -XX:HeapBaseMinAddress
#     to set the Java Heap base and to place the Java Heap above 4GB virtual address.
# This output file may be truncated or incomplete.
#
#  Out of Memory Error (allocation.cpp:272), pid=11308, tid=0x0000000000003534
#
# JRE version: OpenJDK Runtime Environment (8.0_242-b01) (build 1.8.0_242-release-1644-b01)
# Java VM: OpenJDK 64-Bit Server VM (25.242-b01 mixed mode windows-amd64 compressed oops)
# Failed to write core dump. Minidumps are not enabled by default on client versions of Windows
#

---------------  T H R E A D  ---------------

Current thread (0x0000000017f06000):  VMThread [stack: 0x0000000018f90000,0x0000000019090000] [id=13620]

Stack: [0x0000000018f90000,0x0000000019090000]
[error occurred during error reporting (printing stack bounds), id 0xc0000005]

Native frames: (J=compiled Java code, j=interpreted, Vv=VM code, C=native code)

VM_Operation (0x000000001cda9d80): BulkRevokeBias, mode: safepoint, requested by thread 0x000000002db87800


---------------  P R O C E S S  ---------------

Java Threads: ( => current thread )
  0x000000002555b000 JavaThread "Thread-1181" [_thread_blocked, id=15264, stack(0x00000000403f0000,0x00000000404f0000)]
  0x000000002df88000 JavaThread "RMI TCP Connection(idle)" daemon [_thread_blocked, id=11796, stack(0x00000000402f0000,0x00000000403f0000)]
  0x000000002df85000 JavaThread "RMI Reaper" [_thread_blocked, id=12960, stack(0x00000000401f0000,0x00000000402f0000)]
  0x000000002df8b000 JavaThread "RMI TCP Accept-0" daemon [_thread_in_native, id=1904, stack(0x000000003ecc0000,0x000000003edc0000)]
  0x000000002df86800 JavaThread "GC Daemon" daemon [_thread_blocked, id=14408, stack(0x000000003ebc0000,0x000000003ecc0000)]
  0x000000001babf800 JavaThread "RMI RenewClean-[127.0.0.1:17517,org.jetbrains.kotlin.daemon.common.LoopbackNetworkInterface$ClientLoopbackSocketFactory@2c3af7cf]" daemon [_thread_blocked, id=14108, stack(0x000000003eac0000,0x000000003ebc0000)]
  0x000000001babc000 JavaThread "RMI Scheduler(0)" daemon [_thread_blocked, id=15096, stack(0x000000003c450000,0x000000003c550000)]
  0x000000002555c800 JavaThread "WorkerExecutor Queue Thread 5" [_thread_blocked, id=11344, stack(0x000000003e580000,0x000000003e680000)]
  0x000000001f580800 JavaThread "stdout" [_thread_in_native, id=6772, stack(0x000000003e190000,0x000000003e290000)]
  0x000000001f57d800 JavaThread "stderr" [_thread_in_native, id=14620, stack(0x000000003e090000,0x000000003e190000)]
  0x000000001f583800 JavaThread "stdout" [_thread_in_native, id=6696, stack(0x000000003df90000,0x000000003e090000)]
  0x000000001f582000 JavaThread "stderr" [_thread_in_native, id=6068, stack(0x000000003de90000,0x000000003df90000)]
  0x000000001f580000 JavaThread "stdout" [_thread_in_native, id=10820, stack(0x000000003dd90000,0x000000003de90000)]
  0x000000001f57f000 JavaThread "stderr" [_thread_in_native, id=13160, stack(0x000000003dc90000,0x000000003dd90000)]
  0x000000001f583000 JavaThread "stdout" [_thread_in_native, id=9064, stack(0x000000003d990000,0x000000003da90000)]
  0x000000001f581800 JavaThread "stderr" [_thread_in_native, id=13060, stack(0x000000003d890000,0x000000003d990000)]
  0x000000001f575800 JavaThread "pool-18-thread-1" [_thread_blocked, id=4524, stack(0x000000003d790000,0x000000003d890000)]
  0x000000001f57b800 JavaThread "WorkerExecutor Queue Thread 4" [_thread_blocked, id=11352, stack(0x000000003d490000,0x000000003d590000)]
  0x000000001f576000 JavaThread "WorkerExecutor Queue Thread 3" [_thread_blocked, id=11748, stack(0x000000003d190000,0x000000003d290000)]
  0x000000002db90800 JavaThread "WorkerExecutor Queue" [_thread_blocked, id=12124, stack(0x000000003bf30000,0x000000003c030000)]
  0x000000002db87000 JavaThread "Cache worker for execution history cache (C:\Users\El-Masria\AndroidStudioProjects\chatappc34\.gradle\6.5\executionHistory)" [_thread_blocked, id=14288, stack(0x000000003ac30000,0x000000003ad30000)]
  0x000000002db8d800 JavaThread "Execution worker for ':' Thread 3" [_thread_blocked, id=6900, stack(0x0000000035380000,0x0000000035480000)]
  0x000000002db8d000 JavaThread "Execution worker for ':' Thread 2" [_thread_blocked, id=11364, stack(0x0000000033c90000,0x0000000033d90000)]
  0x000000002db8c000 JavaThread "Execution worker for ':'" [_thread_blocked, id=14684, stack(0x0000000032700000,0x0000000032800000)]
  0x000000002db85800 JavaThread "Cache worker for file content cache (C:\Users\El-Masria\AndroidStudioProjects\chatappc34\.gradle\6.5\fileContent)" [_thread_blocked, id=8092, stack(0x0000000032200000,0x0000000032300000)]
  0x000000002db8b800 JavaThread "Cache worker for Build Output Cleanup Cache (C:\Users\El-Masria\AndroidStudioProjects\chatappc34\.gradle\buildOutputCleanup)" [_thread_blocked, id=124, stack(0x0000000031d00000,0x0000000031e00000)]
  0x000000002db8a800 JavaThread "Build operations Thread 4" [_thread_blocked, id=9976, stack(0x0000000021800000,0x0000000021900000)]
  0x000000002db83000 JavaThread "Build operations Thread 3" [_thread_blocked, id=12936, stack(0x0000000021700000,0x0000000021800000)]
  0x000000002db8a000 JavaThread "Build operations Thread 2" [_thread_blocked, id=2724, stack(0x0000000021600000,0x0000000021700000)]
  0x000000002db86000 JavaThread "Build operations" [_thread_blocked, id=7412, stack(0x0000000020290000,0x0000000020390000)]
  0x000000001aafe000 JavaThread "Cache worker for cache directory md-rule (C:\Users\El-Masria\.gradle\caches\6.5\md-rule)" [_thread_blocked, id=14440, stack(0x0000000020190000,0x0000000020290000)]
  0x000000001ab03000 JavaThread "Cache worker for cache directory md-supplier (C:\Users\El-Masria\.gradle\caches\6.5\md-supplier)" [_thread_blocked, id=12132, stack(0x000000001d9f0000,0x000000001daf0000)]
  0x000000001ab02800 JavaThread "Cache worker for checksums cache (C:\Users\El-Masria\AndroidStudioProjects\chatappc34\.gradle\checksums)" [_thread_blocked, id=8812, stack(0x000000001d8f0000,0x000000001d9f0000)]
  0x000000001ab04800 JavaThread "Cache worker for file hash cache (C:\Users\El-Masria\AndroidStudioProjects\chatappc34\.gradle\6.5\fileHashes)" [_thread_blocked, id=15348, stack(0x000000001d7f0000,0x000000001d8f0000)]
  0x000000001aafd000 JavaThread "Thread-1159" [_thread_blocked, id=9952, stack(0x000000001d6f0000,0x000000001d7f0000)]
  0x000000001ab01800 JavaThread "Stdin handler" [_thread_blocked, id=8876, stack(0x000000001d5f0000,0x000000001d6f0000)]
  0x000000001aaf8800 JavaThread "Asynchronous log dispatcher for DefaultDaemonConnection: socket connection from /127.0.0.1:56196 to /127.0.0.1:56552" [_thread_blocked, id=2732, stack(0x000000001cdb0000,0x000000001ceb0000)]
  0x000000001aafb000 JavaThread "Cancel handler" [_thread_blocked, id=11488, stack(0x0000000001760000,0x0000000001860000)]
  0x000000001aafc800 JavaThread "Handler for socket connection from /127.0.0.1:56196 to /127.0.0.1:56552" [_thread_in_native, id=7008, stack(0x0000000001660000,0x0000000001760000)]
  0x000000001f578800 JavaThread "jar transforms Thread 926" [_thread_blocked, id=5992, stack(0x0000000031c00000,0x0000000031d00000)]
  0x000000001f577000 JavaThread "jar transforms Thread 925" [_thread_blocked, id=9036, stack(0x0000000031810000,0x0000000031910000)]
  0x000000001f57a000 JavaThread "jar transforms Thread 924" [_thread_blocked, id=3096, stack(0x0000000031710000,0x0000000031810000)]
  0x0000000025c3e800 JavaThread "jar transforms Thread 923" [_thread_blocked, id=8608, stack(0x0000000031010000,0x0000000031110000)]
  0x0000000025c41000 JavaThread "jar transforms Thread 922" [_thread_blocked, id=8112, stack(0x0000000030f10000,0x0000000031010000)]
  0x0000000025c3d800 JavaThread "jar transforms Thread 921" [_thread_blocked, id=13948, stack(0x0000000030c10000,0x0000000030d10000)]
  0x0000000025c3d000 JavaThread "jar transforms Thread 920" [_thread_blocked, id=15112, stack(0x000000002fb00000,0x000000002fc00000)]
  0x0000000025c40000 JavaThread "jar transforms Thread 919" [_thread_blocked, id=8064, stack(0x000000002fa00000,0x000000002fb00000)]
  0x0000000025c41800 JavaThread "jar transforms Thread 918" [_thread_blocked, id=12832, stack(0x000000002f900000,0x000000002fa00000)]
  0x0000000025c3c000 JavaThread "jar transforms Thread 917" [_thread_blocked, id=6292, stack(0x000000002f800000,0x000000002f900000)]
  0x0000000025c43000 JavaThread "jar transforms Thread 916" [_thread_blocked, id=12144, stack(0x000000002f700000,0x000000002f800000)]
  0x0000000025c34800 JavaThread "jar transforms Thread 915" [_thread_blocked, id=14268, stack(0x000000002f600000,0x000000002f700000)]
  0x0000000025c3b800 JavaThread "jar transforms Thread 914" [_thread_blocked, id=7288, stack(0x000000002f500000,0x000000002f600000)]
  0x0000000025c34000 JavaThread "jar transforms Thread 913" [_thread_blocked, id=8776, stack(0x000000002ce50000,0x000000002cf50000)]
  0x0000000025c37000 JavaThread "jar transforms Thread 912" [_thread_blocked, id=15004, stack(0x000000002cd50000,0x000000002ce50000)]
  0x0000000025c3a000 JavaThread "jar transforms Thread 911" [_thread_blocked, id=11220, stack(0x000000002b450000,0x000000002b550000)]
  0x0000000025c39000 JavaThread "jar transforms Thread 910" [_thread_blocked, id=3004, stack(0x000000002b250000,0x000000002b350000)]
  0x0000000025c37800 JavaThread "jar transforms Thread 909" [_thread_blocked, id=3328, stack(0x000000002b150000,0x000000002b250000)]
  0x0000000025c38800 JavaThread "jar transforms Thread 908" [_thread_blocked, id=1896, stack(0x000000002b050000,0x000000002b150000)]
  0x000000001e2f9000 JavaThread "jar transforms Thread 907" [_thread_blocked, id=12676, stack(0x000000002af50000,0x000000002b050000)]
  0x000000001e2ff800 JavaThread "jar transforms Thread 906" [_thread_blocked, id=8560, stack(0x000000002ae50000,0x000000002af50000)]
  0x000000001e2fd800 JavaThread "jar transforms Thread 905" [_thread_blocked, id=8244, stack(0x000000002ad50000,0x000000002ae50000)]
  0x000000001e2fa800 JavaThread "jar transforms Thread 904" [_thread_blocked, id=2140, stack(0x000000002ac50000,0x000000002ad50000)]
  0x000000001e2ff000 JavaThread "jar transforms Thread 903" [_thread_blocked, id=12808, stack(0x000000002ab50000,0x000000002ac50000)]
  0x000000001e2fc800 JavaThread "jar transforms Thread 902" [_thread_blocked, id=1152, stack(0x000000002aa50000,0x000000002ab50000)]
  0x000000001e2fc000 JavaThread "jar transforms Thread 901" [_thread_blocked, id=14736, stack(0x000000002a950000,0x000000002aa50000)]
  0x000000001e2fe000 JavaThread "jar transforms Thread 900" [_thread_blocked, id=3972, stack(0x000000002a850000,0x000000002a950000)]
  0x000000001e2fb000 JavaThread "jar transforms Thread 899" [_thread_blocked, id=14508, stack(0x000000002a750000,0x000000002a850000)]
  0x000000001e2f0800 JavaThread "jar transforms Thread 898" [_thread_blocked, id=13676, stack(0x000000002a650000,0x000000002a750000)]
  0x000000001e2f6000 JavaThread "jar transforms Thread 897" [_thread_blocked, id=13000, stack(0x000000002a550000,0x000000002a650000)]
  0x000000001e2f5000 JavaThread "jar transforms Thread 896" [_thread_blocked, id=14452, stack(0x000000002a450000,0x000000002a550000)]
  0x000000001e2f4800 JavaThread "jar transforms Thread 895" [_thread_blocked, id=1832, stack(0x000000002a350000,0x000000002a450000)]
  0x000000001e2f3800 JavaThread "jar transforms Thread 894" [_thread_blocked, id=11000, stack(0x000000002a250000,0x000000002a350000)]
  0x000000001e2f2000 JavaThread "jar transforms Thread 893" [_thread_blocked, id=12948, stack(0x000000002a150000,0x000000002a250000)]
  0x000000001e2f6800 JavaThread "jar transforms Thread 892" [_thread_blocked, id=8968, stack(0x000000002a050000,0x000000002a150000)]
  0x000000001e2f7800 JavaThread "jar transforms Thread 891" [_thread_blocked, id=8564, stack(0x0000000029f50000,0x000000002a050000)]
  0x000000001e2f3000 JavaThread "jar transforms Thread 890" [_thread_blocked, id=12192, stack(0x0000000029e50000,0x0000000029f50000)]
  0x000000001a3a2800 JavaThread "jar transforms Thread 889" [_thread_blocked, id=14000, stack(0x0000000029d50000,0x0000000029e50000)]
  0x000000001a3a0000 JavaThread "jar transforms Thread 888" [_thread_blocked, id=13416, stack(0x0000000029c50000,0x0000000029d50000)]
  0x000000001a39e800 JavaThread "jar transforms Thread 887" [_thread_blocked, id=11196, stack(0x0000000029b50000,0x0000000029c50000)]
  0x000000001a3a1800 JavaThread "jar transforms Thread 886" [_thread_blocked, id=10328, stack(0x0000000029a50000,0x0000000029b50000)]
  0x000000001a3a3000 JavaThread "jar transforms Thread 885" [_thread_blocked, id=13220, stack(0x0000000029950000,0x0000000029a50000)]
  0x000000001a39e000 JavaThread "jar transforms Thread 884" [_thread_blocked, id=4988, stack(0x0000000029850000,0x0000000029950000)]
  0x000000001a39d000 JavaThread "jar transforms Thread 883" [_thread_blocked, id=648, stack(0x0000000029750000,0x0000000029850000)]
  0x000000001a3a1000 JavaThread "jar transforms Thread 882" [_thread_blocked, id=5324, stack(0x0000000029650000,0x0000000029750000)]
  0x000000001a39f800 JavaThread "jar transforms Thread 881" [_thread_blocked, id=4676, stack(0x0000000029550000,0x0000000029650000)]
  0x000000001a395000 JavaThread "jar transforms Thread 880" [_thread_blocked, id=8600, stack(0x0000000029450000,0x0000000029550000)]
  0x000000001a39b800 JavaThread "jar transforms Thread 879" [_thread_blocked, id=14240, stack(0x0000000029350000,0x0000000029450000)]
  0x000000001a394000 JavaThread "jar transforms Thread 878" [_thread_blocked, id=9468, stack(0x0000000029250000,0x0000000029350000)]
  0x000000001a39b000 JavaThread "jar transforms Thread 877" [_thread_blocked, id=10880, stack(0x0000000029150000,0x0000000029250000)]
  0x000000001a39a000 JavaThread "jar transforms Thread 876" [_thread_blocked, id=14152, stack(0x0000000029050000,0x0000000029150000)]
  0x000000001a399800 JavaThread "jar transforms Thread 875" [_thread_blocked, id=10224, stack(0x0000000028f50000,0x0000000029050000)]
  0x000000001a398800 JavaThread "jar transforms Thread 874" [_thread_blocked, id=13476, stack(0x0000000028e50000,0x0000000028f50000)]
  0x000000001a398000 JavaThread "jar transforms Thread 873" [_thread_blocked, id=9208, stack(0x0000000028d50000,0x0000000028e50000)]
  0x000000001a397000 JavaThread "jar transforms Thread 872" [_thread_blocked, id=14460, stack(0x0000000028c50000,0x0000000028d50000)]
  0x000000001a395800 JavaThread "jar transforms Thread 871" [_thread_blocked, id=13668, stack(0x0000000028b50000,0x0000000028c50000)]
  0x00000000253e8000 JavaThread "jar transforms Thread 870" [_thread_blocked, id=5392, stack(0x0000000028a50000,0x0000000028b50000)]
  0x00000000253e7000 JavaThread "jar transforms Thread 869" [_thread_blocked, id=12460, stack(0x0000000028950000,0x0000000028a50000)]
  0x00000000253e5800 JavaThread "jar transforms Thread 868" [_thread_blocked, id=2972, stack(0x0000000028850000,0x0000000028950000)]
  0x00000000253e4000 JavaThread "jar transforms Thread 867" [_thread_blocked, id=1488, stack(0x0000000028750000,0x0000000028850000)]
  0x00000000253e5000 JavaThread "jar transforms Thread 866" [_thread_blocked, id=14140, stack(0x0000000028650000,0x0000000028750000)]
  0x00000000253dc000 JavaThread "jar transforms Thread 865" [_thread_blocked, id=11416, stack(0x0000000028550000,0x0000000028650000)]
  0x00000000253e2800 JavaThread "jar transforms Thread 864" [_thread_blocked, id=2296, stack(0x0000000028450000,0x0000000028550000)]
  0x00000000253db000 JavaThread "jar transforms Thread 863" [_thread_blocked, id=15136, stack(0x0000000028350000,0x0000000028450000)]
  0x00000000253e2000 JavaThread "jar transforms Thread 862" [_thread_blocked, id=12360, stack(0x0000000028250000,0x0000000028350000)]
  0x00000000253de000 JavaThread "jar transforms Thread 861" [_thread_blocked, id=1932, stack(0x0000000028150000,0x0000000028250000)]
  0x00000000253da800 JavaThread "jar transforms Thread 860" [_thread_blocked, id=14084, stack(0x0000000028050000,0x0000000028150000)]
  0x00000000253dd800 JavaThread "jar transforms Thread 859" [_thread_blocked, id=15232, stack(0x0000000027f50000,0x0000000028050000)]
  0x00000000253dc800 JavaThread "jar transforms Thread 858" [_thread_blocked, id=9648, stack(0x0000000027e50000,0x0000000027f50000)]
  0x00000000253e0800 JavaThread "jar transforms Thread 857" [_thread_blocked, id=5732, stack(0x0000000027d50000,0x0000000027e50000)]
  0x00000000253e1000 JavaThread "jar transforms Thread 856" [_thread_blocked, id=2664, stack(0x0000000027c50000,0x0000000027d50000)]
  0x00000000253d9800 JavaThread "jar transforms Thread 855" [_thread_blocked, id=11880, stack(0x0000000027b50000,0x0000000027c50000)]
  0x00000000253d9000 JavaThread "jar transforms Thread 854" [_thread_blocked, id=9316, stack(0x0000000027a50000,0x0000000027b50000)]
  0x00000000253df800 JavaThread "jar transforms Thread 853" [_thread_blocked, id=1892, stack(0x0000000027950000,0x0000000027a50000)]
  0x00000000253df000 JavaThread "jar transforms Thread 852" [_thread_blocked, id=9396, stack(0x0000000027850000,0x0000000027950000)]
  0x000000002017a000 JavaThread "jar transforms Thread 851" [_thread_blocked, id=964, stack(0x0000000027750000,0x0000000027850000)]
  0x0000000020178800 JavaThread "jar transforms Thread 850" [_thread_blocked, id=6524, stack(0x0000000027650000,0x0000000027750000)]
  0x0000000020179000 JavaThread "jar transforms Thread 849" [_thread_blocked, id=13012, stack(0x0000000027550000,0x0000000027650000)]
  0x000000002017c000 JavaThread "jar transforms Thread 848" [_thread_blocked, id=1148, stack(0x0000000027450000,0x0000000027550000)]
  0x000000002017b800 JavaThread "jar transforms Thread 847" [_thread_blocked, id=12004, stack(0x0000000027350000,0x0000000027450000)]
  0x0000000020171000 JavaThread "jar transforms Thread 846" [_thread_blocked, id=11872, stack(0x0000000027250000,0x0000000027350000)]
  0x0000000020177800 JavaThread "jar transforms Thread 845" [_thread_blocked, id=13964, stack(0x0000000027150000,0x0000000027250000)]
  0x0000000020174800 JavaThread "jar transforms Thread 844" [_thread_blocked, id=6660, stack(0x0000000027050000,0x0000000027150000)]
  0x0000000020174000 JavaThread "jar transforms Thread 843" [_thread_blocked, id=5220, stack(0x0000000026f50000,0x0000000027050000)]
  0x0000000020172800 JavaThread "jar transforms Thread 842" [_thread_blocked, id=7852, stack(0x0000000026e50000,0x0000000026f50000)]
  0x0000000020170000 JavaThread "jar transforms Thread 841" [_thread_blocked, id=4092, stack(0x0000000026d50000,0x0000000026e50000)]
  0x0000000020171800 JavaThread "jar transforms Thread 840" [_thread_blocked, id=7776, stack(0x0000000026c50000,0x0000000026d50000)]
  0x0000000020177000 JavaThread "jar transforms Thread 839" [_thread_blocked, id=6932, stack(0x0000000026b50000,0x0000000026c50000)]
  0x0000000020173000 JavaThread "jar transforms Thread 838" [_thread_blocked, id=14740, stack(0x0000000026a50000,0x0000000026b50000)]
  0x000000002016f800 JavaThread "jar transforms Thread 837" [_thread_blocked, id=8456, stack(0x0000000026950000,0x0000000026a50000)]
  0x0000000020176000 JavaThread "jar transforms Thread 836" [_thread_blocked, id=6868, stack(0x0000000026850000,0x0000000026950000)]
  0x0000000020175800 JavaThread "jar transforms Thread 835" [_thread_blocked, id=12852, stack(0x0000000026750000,0x0000000026850000)]
  0x000000002016d000 JavaThread "jar transforms Thread 834" [_thread_blocked, id=8344, stack(0x0000000026650000,0x0000000026750000)]
  0x000000002016e800 JavaThread "jar transforms Thread 833" [_thread_blocked, id=8080, stack(0x0000000026550000,0x0000000026650000)]
  0x000000002016e000 JavaThread "jar transforms Thread 832" [_thread_blocked, id=11628, stack(0x0000000026450000,0x0000000026550000)]
  0x000000002dba2000 JavaThread "jar transforms Thread 831" [_thread_blocked, id=9836, stack(0x0000000026350000,0x0000000026450000)]
  0x000000002db9a800 JavaThread "jar transforms Thread 830" [_thread_blocked, id=4740, stack(0x0000000026250000,0x0000000026350000)]
  0x000000002dba1000 JavaThread "jar transforms Thread 829" [_thread_blocked, id=8240, stack(0x0000000026150000,0x0000000026250000)]
  0x000000002db99800 JavaThread "jar transforms Thread 828" [_thread_blocked, id=7436, stack(0x0000000026050000,0x0000000026150000)]
  0x000000002db9f800 JavaThread "jar transforms Thread 827" [_thread_blocked, id=7560, stack(0x0000000025f50000,0x0000000026050000)]
  0x000000002db9e000 JavaThread "jar transforms Thread 826" [_thread_blocked, id=9280, stack(0x0000000025e50000,0x0000000025f50000)]
  0x000000002dba0800 JavaThread "jar transforms Thread 825" [_thread_blocked, id=12556, stack(0x0000000025d50000,0x0000000025e50000)]
  0x000000002db97800 JavaThread "jar transforms Thread 824" [_thread_blocked, id=4412, stack(0x0000000025c50000,0x0000000025d50000)]
  0x000000002db99000 JavaThread "jar transforms Thread 823" [_thread_blocked, id=10732, stack(0x00000000248e0000,0x00000000249e0000)]
  0x000000002db96800 JavaThread "jar transforms Thread 822" [_thread_blocked, id=4380, stack(0x00000000247e0000,0x00000000248e0000)]
  0x000000002db9d800 JavaThread "jar transforms Thread 821" [_thread_blocked, id=11612, stack(0x00000000246e0000,0x00000000247e0000)]
  0x000000002db9c000 JavaThread "jar transforms Thread 820" [_thread_blocked, id=15208, stack(0x0000000023fb0000,0x00000000240b0000)]
  0x000000002db9b000 JavaThread "jar transforms Thread 819" [_thread_blocked, id=14072, stack(0x0000000023ca0000,0x0000000023da0000)]
  0x000000002db9c800 JavaThread "jar transforms Thread 818" [_thread_blocked, id=8352, stack(0x00000000233a0000,0x00000000234a0000)]
  0x000000002db8f000 JavaThread "jar transforms Thread 817" [_thread_blocked, id=9088, stack(0x00000000227a0000,0x00000000228a0000)]
  0x000000002db96000 JavaThread "jar transforms Thread 816" [_thread_blocked, id=2380, stack(0x00000000224a0000,0x00000000225a0000)]
  0x000000002db95000 JavaThread "jar transforms Thread 815" [_thread_blocked, id=976, stack(0x00000000223a0000,0x00000000224a0000)]
  0x000000002db94800 JavaThread "jar transforms Thread 814" [_thread_blocked, id=13884, stack(0x00000000222a0000,0x00000000223a0000)]
  0x000000002db93800 JavaThread "jar transforms Thread 813" [_thread_blocked, id=1172, stack(0x00000000221a0000,0x00000000222a0000)]
  0x000000002db92000 JavaThread "jar transforms Thread 812" [_thread_blocked, id=10456, stack(0x0000000021ea0000,0x0000000021fa0000)]
  0x000000002db93000 JavaThread "jar transforms Thread 811" [_thread_blocked, id=12292, stack(0x0000000021da0000,0x0000000021ea0000)]
  0x000000002db87800 JavaThread "Daemon worker Thread 6" [_thread_blocked, id=9672, stack(0x000000001ccb0000,0x000000001cdb0000)]
  0x000000002db84000 JavaThread "Daemon Thread 6" [_thread_blocked, id=4028, stack(0x0000000001560000,0x0000000001660000)]
  0x000000002df87000 JavaThread "MarlinRenderer Disposer" daemon [_thread_blocked, id=7488, stack(0x0000000031610000,0x0000000031710000)]
  0x000000002df85800 JavaThread "Java2D Disposer" daemon [_thread_blocked, id=3528, stack(0x0000000031510000,0x0000000031610000)]
  0x000000001aaf6800 JavaThread "Memory manager" [_thread_blocked, id=9948, stack(0x000000002cf50000,0x000000002d050000)]
  0x000000001f577800 JavaThread "Cache worker for file content cache (C:\Users\El-Masria\.gradle\caches\6.5\fileContent)" [_thread_blocked, id=12640, stack(0x0000000023ba0000,0x0000000023ca0000)]
  0x000000001f57c000 JavaThread "Cache worker for execution history cache (C:\Users\El-Masria\.gradle\caches\6.5\executionHistory)" [_thread_blocked, id=14932, stack(0x00000000236a0000,0x00000000237a0000)]
  0x000000001bac2800 JavaThread "Cache worker for file hash cache (C:\Users\El-Masria\.gradle\caches\6.5\fileHashes)" [_thread_blocked, id=13308, stack(0x000000001def0000,0x000000001dff0000)]
  0x000000001bac2000 JavaThread "File lock request listener" [_thread_in_native, id=9308, stack(0x000000001ddf0000,0x000000001def0000)]
  0x000000001bac1000 JavaThread "Cache worker for journal cache (C:\Users\El-Masria\.gradle\caches\journal-1)" [_thread_blocked, id=14840, stack(0x000000001dcf0000,0x000000001ddf0000)]
  0x000000001b8e8000 JavaThread "Daemon periodic checks" [_thread_blocked, id=240, stack(0x000000001d0f0000,0x000000001d1f0000)]
  0x000000001b8b3800 JavaThread "Incoming local TCP Connector on port 56196" [_thread_in_native, id=11732, stack(0x000000001ceb0000,0x000000001cfb0000)]
  0x000000001b87b000 JavaThread "Daemon health stats" [_thread_blocked, id=8384, stack(0x000000001c870000,0x000000001c970000)]
  0x000000001991b800 JavaThread "Service Thread" daemon [_thread_blocked, id=1420, stack(0x0000000019cb0000,0x0000000019db0000)]
  0x0000000017f96000 JavaThread "C1 CompilerThread2" daemon [_thread_blocked, id=7640, stack(0x00000000197b0000,0x00000000198b0000)]
  0x0000000017f4a000 JavaThread "C2 CompilerThread1" daemon [_thread_blocked, id=1820, stack(0x00000000196b0000,0x00000000197b0000)]
  0x0000000017f45800 JavaThread "C2 CompilerThread0" daemon [_thread_blocked, id=13732, stack(0x00000000195b0000,0x00000000196b0000)]
  0x0000000017f43800 JavaThread "Attach Listener" daemon [_thread_blocked, id=3280, stack(0x00000000194b0000,0x00000000195b0000)]
  0x0000000017f90800 JavaThread "Signal Dispatcher" daemon [_thread_blocked, id=3624, stack(0x00000000193b0000,0x00000000194b0000)]
  0x000000000331b000 JavaThread "Finalizer" daemon [_thread_blocked, id=2428, stack(0x0000000019190000,0x0000000019290000)]
  0x0000000017f29000 JavaThread "Reference Handler" daemon [_thread_blocked, id=11224, stack(0x0000000019090000,0x0000000019190000)]
  0x000000000321e000 JavaThread "main" [_thread_blocked, id=8140, stack(0x00000000030f0000,0x00000000031f0000)]

Other Threads:
=>0x0000000017f06000 VMThread [stack: 0x0000000018f90000,0x0000000019090000] [id=13620]
  0x0000000019924800 WatcherThread [stack: 0x0000000019db0000,0x0000000019eb0000] [id=14376]

VM state:at safepoint (normal execution)

VM Mutex/Monitor currently owned by a thread:  ([mutex/lock_event])
[0x000000000321d200] Threads_lock - owner thread: 0x0000000017f06000

heap address: 0x0000000080000000, size: 2048 MB, Compressed Oops mode: 32-bit
Narrow klass base: 0x0000000000000000, Narrow klass shift: 3
Compressed class space size: 1073741824 Address: 0x0000000100000000

Heap:
 PSYoungGen      total 552448K, used 446868K [0x00000000d5580000, 0x0000000100000000, 0x0000000100000000)
  eden space 406016K, 89% used [0x00000000d5580000,0x00000000eba065e0,0x00000000ee200000)
  from space 146432K, 55% used [0x00000000ee200000,0x00000000f31dee18,0x00000000f7100000)
  to   space 143360K, 0% used [0x00000000f7400000,0x00000000f7400000,0x0000000100000000)
 ParOldGen       total 390144K, used 240732K [0x0000000080000000, 0x0000000097d00000, 0x00000000d5580000)
  object space 390144K, 61% used [0x0000000080000000,0x000000008eb17240,0x0000000097d00000)
 Metaspace       used 196231K, capacity 206996K, committed 207232K, reserved 1228800K
  class space    used 25239K, capacity 27213K, committed 27264K, reserved 1048576K

Card table byte_map: [0x00000000126e0000,0x0000000012af0000] byte_map_base: 0x00000000122e0000

Marking Bits: (ParMarkBitMap*) 0x000000007043f030
 Begin Bits: [0x00000000131a0000, 0x00000000151a0000)
 End Bits:   [0x00000000151a0000, 0x00000000171a0000)

Polling page: 0x0000000003080000

CodeCache: size=245760Kb used=105263Kb max_used=106086Kb free=140496Kb
 bounds [0x0000000003320000, 0x0000000009b60000, 0x0000000012320000]
 total_blobs=31179 nmethods=30064 adapters=1022
 compilation: enabled

Compilation events (10 events):
Event: 3259.729 Thread 0x0000000017f96000 40669       3       java.lang.StringBuilder::append (9 bytes)
Event: 3259.730 Thread 0x0000000017f96000 nmethod 40669 0x000000000786dd10 code [0x000000000786dea0, 0x000000000786e298]
Event: 3266.045 Thread 0x0000000017f4a000 40670       4       groovy.json.StringEscapeUtils::escapeJavaStyleString (473 bytes)
Event: 3266.047 Thread 0x0000000017f96000 40671       3       groovy.json.StringEscapeUtils::escapeJava (7 bytes)
Event: 3266.048 Thread 0x0000000017f96000 nmethod 40671 0x0000000009158a10 code [0x0000000009158b80, 0x0000000009158d08]
Event: 3266.051 Thread 0x0000000017f96000 40672   !   3       groovy.json.StringEscapeUtils::escapeJavaStyleString (42 bytes)
Event: 3266.053 Thread 0x0000000017f96000 nmethod 40672 0x0000000006ff7550 code [0x0000000006ff7740, 0x0000000006ff8088]
Event: 3266.055 Thread 0x0000000017f4a000 nmethod 40670 0x0000000006ff6950 code [0x0000000006ff6ae0, 0x0000000006ff6fe8]
Event: 3267.068 Thread 0x0000000017f45800 40673       4       sun.management.ManagementFactoryHelper::getMemoryPoolMXBeans (51 bytes)
Event: 3267.084 Thread 0x0000000017f45800 nmethod 40673 0x0000000007ae2fd0 code [0x0000000007ae3160, 0x0000000007ae38f8]

GC Heap History (10 events):
Event: 3170.064 GC heap before
{Heap before GC invocations=68 (full 8):
 PSYoungGen      total 615936K, used 615915K [0x00000000d5580000, 0x0000000100000000, 0x0000000100000000)
  eden space 537088K, 100% used [0x00000000d5580000,0x00000000f6200000,0x00000000f6200000)
  from space 78848K, 99% used [0x00000000f6200000,0x00000000faefad88,0x00000000faf00000)
  to   space 82944K, 0% used [0x00000000faf00000,0x00000000faf00000,0x0000000100000000)
 ParOldGen       total 187904K, used 110133K [0x0000000080000000, 0x000000008b780000, 0x00000000d5580000)
  object space 187904K, 58% used [0x0000000080000000,0x0000000086b8d538,0x000000008b780000)
 Metaspace       used 188483K, capacity 198704K, committed 198912K, reserved 1222656K
  class space    used 24133K, capacity 26071K, committed 26112K, reserved 1048576K
Event: 3171.087 GC heap after
Heap after GC invocations=68 (full 8):
 PSYoungGen      total 599552K, used 60313K [0x00000000d5580000, 0x0000000100000000, 0x0000000100000000)
  eden space 516608K, 0% used [0x00000000d5580000,0x00000000d5580000,0x00000000f4e00000)
  from space 82944K, 72% used [0x00000000faf00000,0x00000000fe9e6570,0x0000000100000000)
  to   space 91136K, 0% used [0x00000000f4e00000,0x00000000f4e00000,0x00000000fa700000)
 ParOldGen       total 187904K, used 114501K [0x0000000080000000, 0x000000008b780000, 0x00000000d5580000)
  object space 187904K, 60% used [0x0000000080000000,0x0000000086fd16a0,0x000000008b780000)
 Metaspace       used 188483K, capacity 198704K, committed 198912K, reserved 1222656K
  class space    used 24133K, capacity 26071K, committed 26112K, reserved 1048576K
}
Event: 3224.580 GC heap before
{Heap before GC invocations=69 (full 8):
 PSYoungGen      total 599552K, used 576921K [0x00000000d5580000, 0x0000000100000000, 0x0000000100000000)
  eden space 516608K, 100% used [0x00000000d5580000,0x00000000f4e00000,0x00000000f4e00000)
  from space 82944K, 72% used [0x00000000faf00000,0x00000000fe9e6570,0x0000000100000000)
  to   space 91136K, 0% used [0x00000000f4e00000,0x00000000f4e00000,0x00000000fa700000)
 ParOldGen       total 187904K, used 114501K [0x0000000080000000, 0x000000008b780000, 0x00000000d5580000)
  object space 187904K, 60% used [0x0000000080000000,0x0000000086fd16a0,0x000000008b780000)
 Metaspace       used 190542K, capacity 201016K, committed 201344K, reserved 1224704K
  class space    used 24383K, capacity 26372K, committed 26496K, reserved 1048576K
Event: 3224.804 GC heap after
Heap after GC invocations=69 (full 8):
 PSYoungGen      total 607744K, used 60397K [0x00000000d5580000, 0x0000000100000000, 0x0000000100000000)
  eden space 516608K, 0% used [0x00000000d5580000,0x00000000d5580000,0x00000000f4e00000)
  from space 91136K, 66% used [0x00000000f4e00000,0x00000000f88fb508,0x00000000fa700000)
  to   space 90112K, 0% used [0x00000000fa800000,0x00000000fa800000,0x0000000100000000)
 ParOldGen       total 187904K, used 114509K [0x0000000080000000, 0x000000008b780000, 0x00000000d5580000)
  object space 187904K, 60% used [0x0000000080000000,0x0000000086fd36a0,0x000000008b780000)
 Metaspace       used 190542K, capacity 201016K, committed 201344K, reserved 1224704K
  class space    used 24383K, capacity 26372K, committed 26496K, reserved 1048576K
}
Event: 3232.148 GC heap before
{Heap before GC invocations=70 (full 8):
 PSYoungGen      total 607744K, used 577005K [0x00000000d5580000, 0x0000000100000000, 0x0000000100000000)
  eden space 516608K, 100% used [0x00000000d5580000,0x00000000f4e00000,0x00000000f4e00000)
  from space 91136K, 66% used [0x00000000f4e00000,0x00000000f88fb508,0x00000000fa700000)
  to   space 90112K, 0% used [0x00000000fa800000,0x00000000fa800000,0x0000000100000000)
 ParOldGen       total 187904K, used 114509K [0x0000000080000000, 0x000000008b780000, 0x00000000d5580000)
  object space 187904K, 60% used [0x0000000080000000,0x0000000086fd36a0,0x000000008b780000)
 Metaspace       used 193813K, capacity 204466K, committed 204672K, reserved 1226752K
  class space    used 24923K, capacity 26933K, committed 27008K, reserved 1048576K
Event: 3233.282 GC heap after
Heap after GC invocations=70 (full 8):
 PSYoungGen      total 496128K, used 90098K [0x00000000d5580000, 0x0000000100000000, 0x0000000100000000)
  eden space 406016K, 0% used [0x00000000d5580000,0x00000000d5580000,0x00000000ee200000)
  from space 90112K, 99% used [0x00000000fa800000,0x00000000ffffca70,0x0000000100000000)
  to   space 146432K, 0% used [0x00000000ee200000,0x00000000ee200000,0x00000000f7100000)
 ParOldGen       total 240128K, used 239623K [0x0000000080000000, 0x000000008ea80000, 0x00000000d5580000)
  object space 240128K, 99% used [0x0000000080000000,0x000000008ea01f00,0x000000008ea80000)
 Metaspace       used 193813K, capacity 204466K, committed 204672K, reserved 1226752K
  class space    used 24923K, capacity 26933K, committed 27008K, reserved 1048576K
}
Event: 3233.283 GC heap before
{Heap before GC invocations=71 (full 9):
 PSYoungGen      total 496128K, used 90098K [0x00000000d5580000, 0x0000000100000000, 0x0000000100000000)
  eden space 406016K, 0% used [0x00000000d5580000,0x00000000d5580000,0x00000000ee200000)
  from space 90112K, 99% used [0x00000000fa800000,0x00000000ffffca70,0x0000000100000000)
  to   space 146432K, 0% used [0x00000000ee200000,0x00000000ee200000,0x00000000f7100000)
 ParOldGen       total 240128K, used 239623K [0x0000000080000000, 0x000000008ea80000, 0x00000000d5580000)
  object space 240128K, 99% used [0x0000000080000000,0x000000008ea01f00,0x000000008ea80000)
 Metaspace       used 193813K, capacity 204466K, committed 204672K, reserved 1226752K
  class space    used 24923K, capacity 26933K, committed 27008K, reserved 1048576K
Event: 3240.345 GC heap after
Heap after GC invocations=71 (full 9):
 PSYoungGen      total 496128K, used 43894K [0x00000000d5580000, 0x0000000100000000, 0x0000000100000000)
  eden space 406016K, 0% used [0x00000000d5580000,0x00000000d5580000,0x00000000ee200000)
  from space 90112K, 48% used [0x00000000fa800000,0x00000000fd2ddbc8,0x0000000100000000)
  to   space 146432K, 0% used [0x00000000ee200000,0x00000000ee200000,0x00000000f7100000)
 ParOldGen       total 390144K, used 240059K [0x0000000080000000, 0x0000000097d00000, 0x00000000d5580000)
  object space 390144K, 61% used [0x0000000080000000,0x000000008ea6eed0,0x0000000097d00000)
 Metaspace       used 193510K, capacity 203724K, committed 204672K, reserved 1226752K
  class space    used 24844K, capacity 26745K, committed 27008K, reserved 1048576K
}
Event: 3246.528 GC heap before
{Heap before GC invocations=72 (full 9):
 PSYoungGen      total 496128K, used 449910K [0x00000000d5580000, 0x0000000100000000, 0x0000000100000000)
  eden space 406016K, 100% used [0x00000000d5580000,0x00000000ee200000,0x00000000ee200000)
  from space 90112K, 48% used [0x00000000fa800000,0x00000000fd2ddbc8,0x0000000100000000)
  to   space 146432K, 0% used [0x00000000ee200000,0x00000000ee200000,0x00000000f7100000)
 ParOldGen       total 390144K, used 240059K [0x0000000080000000, 0x0000000097d00000, 0x00000000d5580000)
  object space 390144K, 61% used [0x0000000080000000,0x000000008ea6eed0,0x0000000097d00000)
 Metaspace       used 194694K, capacity 205156K, committed 205568K, reserved 1228800K
  class space    used 25045K, capacity 26989K, committed 27136K, reserved 1048576K
Event: 3246.810 GC heap after
Heap after GC invocations=72 (full 9):
 PSYoungGen      total 552448K, used 81787K [0x00000000d5580000, 0x0000000100000000, 0x0000000100000000)
  eden space 406016K, 0% used [0x00000000d5580000,0x00000000d5580000,0x00000000ee200000)
  from space 146432K, 55% used [0x00000000ee200000,0x00000000f31dee18,0x00000000f7100000)
  to   space 143360K, 0% used [0x00000000f7400000,0x00000000f7400000,0x0000000100000000)
 ParOldGen       total 390144K, used 240732K [0x0000000080000000, 0x0000000097d00000, 0x00000000d5580000)
  object space 390144K, 61% used [0x0000000080000000,0x000000008eb17240,0x0000000097d00000)
 Metaspace       used 194694K, capacity 205156K, committed 205568K, reserved 1228800K
  class space    used 25045K, capacity 26989K, committed 27136K, reserved 1048576K
}

Deoptimization events (10 events):
Event: 3252.355 Thread 0x000000002db87800 Uncommon trap: reason=bimorphic action=maybe_recompile pc=0x00000000039510cc method=java.io.ObjectInputStream$PeekInputStream.read()I @ 23
Event: 3252.356 Thread 0x000000002db87800 Uncommon trap: reason=bimorphic action=maybe_recompile pc=0x00000000094fe58c method=java.io.ObjectInputStream.readNonProxyDesc(Z)Ljava/io/ObjectStreamClass; @ 56
Event: 3252.397 Thread 0x000000002db87800 Uncommon trap: reason=unstable_if action=reinterpret pc=0x0000000004af171c method=java.io.ObjectInputStream.filterCheck(Ljava/lang/Class;I)V @ 4
Event: 3252.400 Thread 0x000000002db87800 Uncommon trap: reason=bimorphic action=maybe_recompile pc=0x00000000094fe58c method=java.io.ObjectInputStream.readNonProxyDesc(Z)Ljava/io/ObjectStreamClass; @ 56
Event: 3252.473 Thread 0x000000002db87800 Uncommon trap: reason=unstable_if action=reinterpret pc=0x0000000005589f50 method=java.lang.String.valueOf(Ljava/lang/Object;)Ljava/lang/String; @ 1
Event: 3252.495 Thread 0x000000002db87800 Uncommon trap: reason=unstable_if action=reinterpret pc=0x0000000005fb1f08 method=java.io.ObjectOutputStream$BlockDataOutputStream.writeShort(I)V @ 9
Event: 3252.578 Thread 0x000000002df88000 Uncommon trap: reason=class_check action=maybe_recompile pc=0x000000000450d23c method=java.lang.ThreadLocal.set(Ljava/lang/Object;)V @ 26
Event: 3252.586 Thread 0x000000002df88000 Uncommon trap: reason=unstable_if action=reinterpret pc=0x0000000006296b3c method=java.io.ObjectInputStream.filterCheck(Ljava/lang/Class;I)V @ 4
Event: 3252.586 Thread 0x000000002df88000 Uncommon trap: reason=unstable_if action=reinterpret pc=0x0000000008779774 method=java.io.ObjectInputStream.filterCheck(Ljava/lang/Class;I)V @ 4
Event: 3259.742 Thread 0x000000001aaf8800 Uncommon trap: reason=unstable_if action=reinterpret pc=0x0000000004e2ce0c method=com.esotericsoftware.kryo.io.Output.writeUtf8Length(I)V @ 42

Classes redefined (0 events):
No events

Internal exceptions (10 events):
Event: 3252.451 Thread 0x000000002db87800 Exception <a 'java/lang/NoSuchMethodError': <clinit>> (0x00000000eb2f7f68) thrown at [C:\src\AOSP-openjdk-git\hotspot\src\share\vm\prims\jni.cpp, line 1615]
Event: 3252.494 Thread 0x000000002db87800 Exception <a 'java/lang/NoSuchMethodError': <clinit>> (0x00000000eb4053c8) thrown at [C:\src\AOSP-openjdk-git\hotspot\src\share\vm\prims\jni.cpp, line 1615]
Event: 3252.503 Thread 0x000000002db87800 Exception <a 'java/lang/NoSuchMethodError': <clinit>> (0x00000000eb4c2c00) thrown at [C:\src\AOSP-openjdk-git\hotspot\src\share\vm\prims\jni.cpp, line 1615]
Event: 3259.724 Thread 0x000000002df88000 Exception <a 'sun/net/ConnectionResetException': > (0x00000000eb76fb08) thrown at [C:\src\AOSP-openjdk-git\hotspot\src\share\vm\prims\jni.cpp, line 737]
Event: 3259.724 Thread 0x000000002db87800 Exception <a 'sun/net/ConnectionResetException': > (0x00000000eb720d28) thrown at [C:\src\AOSP-openjdk-git\hotspot\src\share\vm\prims\jni.cpp, line 737]
Event: 3259.724 Thread 0x000000002df88000 Exception <a 'sun/net/ConnectionResetException': > (0x00000000eb76fd38) thrown at [C:\src\AOSP-openjdk-git\hotspot\src\share\vm\prims\jni.cpp, line 737]
Event: 3259.724 Thread 0x000000002db87800 Exception <a 'sun/net/ConnectionResetException': > (0x00000000eb721ac8) thrown at [C:\src\AOSP-openjdk-git\hotspot\src\share\vm\prims\jni.cpp, line 737]
Event: 3261.910 Thread 0x000000002db87800 Exception <a 'java/net/ConnectException': Connection refused: connect> (0x00000000eb7f4f18) thrown at [C:\src\AOSP-openjdk-git\hotspot\src\share\vm\prims\jni.cpp, line 737]
Event: 3263.973 Thread 0x000000002db87800 Exception <a 'java/net/ConnectException': Connection refused: connect> (0x00000000eb7f6568) thrown at [C:\src\AOSP-openjdk-git\hotspot\src\share\vm\prims\jni.cpp, line 737]
Event: 3266.034 Thread 0x000000002db87800 Exception <a 'java/net/ConnectException': Connection refused: connect> (0x00000000eb7f7bb8) thrown at [C:\src\AOSP-openjdk-git\hotspot\src\share\vm\prims\jni.cpp, line 737]

Events (10 events):
Event: 3266.056 Thread 0x0000000017f96000 flushing nmethod 0x00000000049c6010
Event: 3266.056 Thread 0x0000000017f96000 flushing nmethod 0x00000000049d6850
Event: 3266.056 Thread 0x0000000017f96000 flushing nmethod 0x00000000049d6bd0
Event: 3266.056 Thread 0x0000000017f96000 flushing nmethod 0x00000000049e1e10
Event: 3266.057 Thread 0x000000002555b000 Thread added: 0x000000002555b000
Event: 3267.369 Executing VM operation: RevokeBias
Event: 3267.370 Executing VM operation: RevokeBias done
Event: 3267.401 Executing VM operation: RevokeBias
Event: 3267.402 Executing VM operation: RevokeBias done
Event: 3273.308 Executing VM operation: BulkRevokeBias


Dynamic libraries:
0x00007ff76b1d0000 - 0x00007ff76b201000 	C:\Program Files\Android\Android Studio\jre\bin\java.exe
0x00007ffccc350000 - 0x00007ffccc545000 	C:\Windows\SYSTEM32\ntdll.dll
0x00007ffccbcf0000 - 0x00007ffccbdad000 	C:\Windows\System32\KERNEL32.DLL
0x00007ffcc9c30000 - 0x00007ffcc9ef9000 	C:\Windows\System32\KERNELBASE.dll
0x00007ffccbb00000 - 0x00007ffccbbac000 	C:\Windows\System32\ADVAPI32.dll
0x00007ffccc270000 - 0x00007ffccc30e000 	C:\Windows\System32\msvcrt.dll
0x00007ffccb110000 - 0x00007ffccb1ac000 	C:\Windows\System32\sechost.dll
0x00007ffcca9d0000 - 0x00007ffccaafb000 	C:\Windows\System32\RPCRT4.dll
0x00007ffccab00000 - 0x00007ffccaca0000 	C:\Windows\System32\USER32.dll
0x00007ffcca270000 - 0x00007ffcca292000 	C:\Windows\System32\win32u.dll
0x00007ffccc1e0000 - 0x00007ffccc20a000 	C:\Windows\System32\GDI32.dll
0x00007ffcca2a0000 - 0x00007ffcca3ab000 	C:\Windows\System32\gdi32full.dll
0x00007ffcc9a90000 - 0x00007ffcc9b2d000 	C:\Windows\System32\msvcp_win.dll
0x00007ffcc9b30000 - 0x00007ffcc9c30000 	C:\Windows\System32\ucrtbase.dll
0x00007ffcbb830000 - 0x00007ffcbbaca000 	C:\Windows\WinSxS\amd64_microsoft.windows.common-controls_6595b64144ccf1df_6.0.19041.844_none_ca00b6081b84eb1d\COMCTL32.dll
0x00007ffcca3b0000 - 0x00007ffcca3e0000 	C:\Windows\System32\IMM32.DLL
0x000000006f120000 - 0x000000006f1f2000 	C:\Program Files\Android\Android Studio\jre\jre\bin\msvcr100.dll
0x000000006fc70000 - 0x00000000704bb000 	C:\Program Files\Android\Android Studio\jre\jre\bin\server\jvm.dll
0x00007ffccb900000 - 0x00007ffccb908000 	C:\Windows\System32\PSAPI.DLL
0x00007ffcbc330000 - 0x00007ffcbc357000 	C:\Windows\SYSTEM32\WINMM.dll
0x00007ffcbbd70000 - 0x00007ffcbbd7a000 	C:\Windows\SYSTEM32\VERSION.dll
0x00007ffcc4ea0000 - 0x00007ffcc4ea9000 	C:\Windows\SYSTEM32\WSOCK32.dll
0x00007ffccb910000 - 0x00007ffccb97b000 	C:\Windows\System32\WS2_32.dll
0x00007ffcc4e90000 - 0x00007ffcc4e9f000 	C:\Program Files\Android\Android Studio\jre\jre\bin\verify.dll
0x00007ffcbfce0000 - 0x00007ffcbfd09000 	C:\Program Files\Android\Android Studio\jre\jre\bin\java.dll
0x00007ffcbebe0000 - 0x00007ffcbebf6000 	C:\Program Files\Android\Android Studio\jre\jre\bin\zip.dll
0x00007ffccb1b0000 - 0x00007ffccb8f2000 	C:\Windows\System32\SHELL32.dll
0x00007ffcc7bf0000 - 0x00007ffcc8380000 	C:\Windows\SYSTEM32\windows.storage.dll
0x00007ffcca5c0000 - 0x00007ffcca915000 	C:\Windows\System32\combase.dll
0x00007ffcc9430000 - 0x00007ffcc945c000 	C:\Windows\SYSTEM32\Wldp.dll
0x00007ffccbbb0000 - 0x00007ffccbc5e000 	C:\Windows\System32\SHCORE.dll
0x00007ffccc110000 - 0x00007ffccc165000 	C:\Windows\System32\shlwapi.dll
0x00007ffcc99d0000 - 0x00007ffcc99ef000 	C:\Windows\SYSTEM32\profapi.dll
0x00007ffcbe610000 - 0x00007ffcbe62a000 	C:\Program Files\Android\Android Studio\jre\jre\bin\net.dll
0x00007ffcc91b0000 - 0x00007ffcc921a000 	C:\Windows\system32\mswsock.dll
0x00007ffcba550000 - 0x00007ffcba563000 	C:\Program Files\Android\Android Studio\jre\jre\bin\nio.dll
0x00007ffcbeeb0000 - 0x00007ffcbeed7000 	C:\Users\El-Masria\.gradle\native\f6784746aeab05261644944871eae4fe03e0ef1612fff0a4a95f87b438bc6780\windows-amd64\native-platform.dll
0x00007ffcc4570000 - 0x00007ffcc457d000 	C:\Program Files\Android\Android Studio\jre\jre\bin\management.dll
0x00007ffcc9390000 - 0x00007ffcc93a8000 	C:\Windows\SYSTEM32\CRYPTSP.dll
0x00007ffcc8b50000 - 0x00007ffcc8b84000 	C:\Windows\system32\rsaenh.dll
0x00007ffcc9f00000 - 0x00007ffcc9f27000 	C:\Windows\System32\bcrypt.dll
0x00007ffcc9990000 - 0x00007ffcc99be000 	C:\Windows\SYSTEM32\USERENV.dll
0x00007ffcc9f30000 - 0x00007ffcc9fb0000 	C:\Windows\System32\bcryptprimitives.dll
0x00007ffcc9380000 - 0x00007ffcc938c000 	C:\Windows\SYSTEM32\CRYPTBASE.dll
0x00007ffcc8ea0000 - 0x00007ffcc8edb000 	C:\Windows\SYSTEM32\IPHLPAPI.DLL
0x00007ffcca5b0000 - 0x00007ffcca5b8000 	C:\Windows\System32\NSI.dll
0x00007ffcbd590000 - 0x00007ffcbd5a7000 	C:\Windows\SYSTEM32\dhcpcsvc6.DLL
0x00007ffcbef70000 - 0x00007ffcbef8d000 	C:\Windows\SYSTEM32\dhcpcsvc.DLL
0x00007ffcc8ee0000 - 0x00007ffcc8fab000 	C:\Windows\SYSTEM32\DNSAPI.dll
0x00007ffcc1150000 - 0x00007ffcc115b000 	C:\Windows\SYSTEM32\WINNSI.DLL
0x00007ffcc8820000 - 0x00007ffcc8853000 	C:\Windows\SYSTEM32\ntmarta.dll
0x00007ffca0400000 - 0x00007ffca059c000 	C:\Program Files\Android\Android Studio\jre\jre\bin\awt.dll
0x00007ffccc040000 - 0x00007ffccc10d000 	C:\Windows\System32\OLEAUT32.dll
0x00007ffcc7700000 - 0x00007ffcc772f000 	C:\Windows\SYSTEM32\dwmapi.dll
0x00007ffcc61c0000 - 0x00007ffcc6780000 	C:\Windows\SYSTEM32\d2d1.dll
0x00007ffcc7370000 - 0x00007ffcc7400000 	C:\Windows\SYSTEM32\apphelp.dll
0x00007ffcc7530000 - 0x00007ffcc75ce000 	C:\Windows\system32\uxtheme.dll
0x00007ffcbee40000 - 0x00007ffcbee5e000 	C:\Users\El-Masria\AppData\Local\Temp\native-platform7301937617668285596dir\native-platform.dll
0x00007ffcb5f60000 - 0x00007ffcb5f84000 	C:\Program Files\Android\Android Studio\jre\jre\bin\sunec.dll
0x00007ffcbae70000 - 0x00007ffcbae7a000 	C:\Windows\System32\rasadhlp.dll
0x00007ffcbb260000 - 0x00007ffcbb2df000 	C:\Windows\System32\fwpuclnt.dll
0x00007ffcc2e40000 - 0x00007ffcc2e4b000 	C:\Program Files\Android\Android Studio\jre\jre\bin\sunmscapi.dll
0x00007ffcca0b0000 - 0x00007ffcca20f000 	C:\Windows\System32\CRYPT32.dll
0x00007ffcb5f40000 - 0x00007ffcb5f57000 	C:\Windows\system32\napinsp.dll
0x00007ffcb4ab0000 - 0x00007ffcb4acb000 	C:\Windows\system32\pnrpnsp.dll
0x00007ffcaafa0000 - 0x00007ffcaafb5000 	C:\Windows\system32\wshbth.dll
0x00007ffcc5500000 - 0x00007ffcc551d000 	C:\Windows\system32\NLAapi.dll
0x00007ffcb4160000 - 0x00007ffcb4172000 	C:\Windows\System32\winrnr.dll
0x00007ffcc4540000 - 0x00007ffcc455e000 	C:\Users\El-Masria\AppData\Local\Temp\native-platform739915533244963341dir\native-platform.dll
0x00007ffcbee60000 - 0x00007ffcbee7e000 	C:\Users\El-Masria\AppData\Local\Temp\native-platform5150399216635383008dir\native-platform.dll

VM Arguments:
jvm_args: -Xmx2048m -Dfile.encoding=UTF-8 -Duser.country=US -Duser.language=en -Duser.variant 
java_command: org.gradle.launcher.daemon.bootstrap.GradleDaemon 6.5
java_class_path (initial): C:\Users\El-Masria\.gradle\wrapper\dists\gradle-6.5-bin\6nifqtx7604sqp1q6g8wikw7p\gradle-6.5\lib\gradle-launcher-6.5.jar
Launcher Type: SUN_STANDARD

Environment Variables:
PATH=C:\Program Files\Common Files\Oracle\Java\javapath;C:\Windows\system32;C:\Windows;C:\Windows\System32\Wbem;C:\Windows\System32\WindowsPowerShell\v1.0\;C:\Windows\System32\OpenSSH\;C:\Program Files\Git\cmd;C:\Users\El-Masria\AppData\Local\Microsoft\WindowsApps;
USERNAME=El-Masria
OS=Windows_NT
PROCESSOR_IDENTIFIER=Intel64 Family 6 Model 58 Stepping 9, GenuineIntel



---------------  S Y S T E M  ---------------

OS: Windows 10.0 , 64 bit Build 19041 (10.0.19041.804)

CPU:total 4 (initial active 4) (2 cores per cpu, 2 threads per core) family 6 model 58 stepping 9, cmov, cx8, fxsr, mmx, sse, sse2, sse3, ssse3, sse4.1, sse4.2, popcnt, avx, clmul, erms, ht, tsc, tscinvbit, tscinv

Memory: 4k page, physical 4078952k(849088k free), swap 16661864k(140184k free)

vm_info: OpenJDK 64-Bit Server VM (25.242-b01) for windows-amd64 JRE (1.8.0_242-release-1644-b01), built by "builder" with MS VC++ 10.0 (VS2010)

time: Sat Apr 10 19:35:55 2021
timezone: Egypt Standard Time
elapsed time: 3273 seconds (0d 0h 54m 33s)

